  main.cpp
\\mac\Home\Documents\CS122\Checkers\PA9\King.h(16,66): warning C4244: 'argument': conversion from 'int' to 'T', possible loss of data
\\mac\Home\Documents\CS122\Checkers\PA9\King.h(16,66): warning C4244:         with
\\mac\Home\Documents\CS122\Checkers\PA9\King.h(16,66): warning C4244:         [
\\mac\Home\Documents\CS122\Checkers\PA9\King.h(16,66): warning C4244:             T=float
\\mac\Home\Documents\CS122\Checkers\PA9\King.h(16,66): warning C4244:         ]
  (compiling source file 'main.cpp')
  
\\mac\Home\Documents\CS122\Checkers\PA9\King.h(16,49): warning C4244: 'argument': conversion from 'int' to 'T', possible loss of data
\\mac\Home\Documents\CS122\Checkers\PA9\King.h(16,49): warning C4244:         with
\\mac\Home\Documents\CS122\Checkers\PA9\King.h(16,49): warning C4244:         [
\\mac\Home\Documents\CS122\Checkers\PA9\King.h(16,49): warning C4244:             T=float
\\mac\Home\Documents\CS122\Checkers\PA9\King.h(16,49): warning C4244:         ]
  (compiling source file 'main.cpp')
  
\\mac\Home\Documents\CS122\Checkers\PA9\King.h(17,65): warning C4244: 'argument': conversion from 'int' to 'T', possible loss of data
\\mac\Home\Documents\CS122\Checkers\PA9\King.h(17,65): warning C4244:         with
\\mac\Home\Documents\CS122\Checkers\PA9\King.h(17,65): warning C4244:         [
\\mac\Home\Documents\CS122\Checkers\PA9\King.h(17,65): warning C4244:             T=float
\\mac\Home\Documents\CS122\Checkers\PA9\King.h(17,65): warning C4244:         ]
  (compiling source file 'main.cpp')
  
\\mac\Home\Documents\CS122\Checkers\PA9\King.h(17,49): warning C4244: 'argument': conversion from 'int' to 'T', possible loss of data
\\mac\Home\Documents\CS122\Checkers\PA9\King.h(17,49): warning C4244:         with
\\mac\Home\Documents\CS122\Checkers\PA9\King.h(17,49): warning C4244:         [
\\mac\Home\Documents\CS122\Checkers\PA9\King.h(17,49): warning C4244:             T=float
\\mac\Home\Documents\CS122\Checkers\PA9\King.h(17,49): warning C4244:         ]
  (compiling source file 'main.cpp')
  
\\mac\Home\Documents\CS122\Checkers\PA9\King.h(18,65): warning C4244: 'argument': conversion from 'int' to 'T', possible loss of data
\\mac\Home\Documents\CS122\Checkers\PA9\King.h(18,65): warning C4244:         with
\\mac\Home\Documents\CS122\Checkers\PA9\King.h(18,65): warning C4244:         [
\\mac\Home\Documents\CS122\Checkers\PA9\King.h(18,65): warning C4244:             T=float
\\mac\Home\Documents\CS122\Checkers\PA9\King.h(18,65): warning C4244:         ]
  (compiling source file 'main.cpp')
  
\\mac\Home\Documents\CS122\Checkers\PA9\King.h(18,49): warning C4244: 'argument': conversion from 'int' to 'T', possible loss of data
\\mac\Home\Documents\CS122\Checkers\PA9\King.h(18,49): warning C4244:         with
\\mac\Home\Documents\CS122\Checkers\PA9\King.h(18,49): warning C4244:         [
\\mac\Home\Documents\CS122\Checkers\PA9\King.h(18,49): warning C4244:             T=float
\\mac\Home\Documents\CS122\Checkers\PA9\King.h(18,49): warning C4244:         ]
  (compiling source file 'main.cpp')
  
\\mac\Home\Documents\CS122\Checkers\PA9\King.h(19,65): warning C4244: 'argument': conversion from 'int' to 'T', possible loss of data
\\mac\Home\Documents\CS122\Checkers\PA9\King.h(19,65): warning C4244:         with
\\mac\Home\Documents\CS122\Checkers\PA9\King.h(19,65): warning C4244:         [
\\mac\Home\Documents\CS122\Checkers\PA9\King.h(19,65): warning C4244:             T=float
\\mac\Home\Documents\CS122\Checkers\PA9\King.h(19,65): warning C4244:         ]
  (compiling source file 'main.cpp')
  
\\mac\Home\Documents\CS122\Checkers\PA9\King.h(19,49): warning C4244: 'argument': conversion from 'int' to 'T', possible loss of data
\\mac\Home\Documents\CS122\Checkers\PA9\King.h(19,49): warning C4244:         with
\\mac\Home\Documents\CS122\Checkers\PA9\King.h(19,49): warning C4244:         [
\\mac\Home\Documents\CS122\Checkers\PA9\King.h(19,49): warning C4244:             T=float
\\mac\Home\Documents\CS122\Checkers\PA9\King.h(19,49): warning C4244:         ]
  (compiling source file 'main.cpp')
  
\\mac\Home\Documents\CS122\Checkers\PA9\King.h(20,65): warning C4244: 'argument': conversion from 'int' to 'T', possible loss of data
\\mac\Home\Documents\CS122\Checkers\PA9\King.h(20,65): warning C4244:         with
\\mac\Home\Documents\CS122\Checkers\PA9\King.h(20,65): warning C4244:         [
\\mac\Home\Documents\CS122\Checkers\PA9\King.h(20,65): warning C4244:             T=float
\\mac\Home\Documents\CS122\Checkers\PA9\King.h(20,65): warning C4244:         ]
  (compiling source file 'main.cpp')
  
\\mac\Home\Documents\CS122\Checkers\PA9\King.h(20,49): warning C4244: 'argument': conversion from 'int' to 'T', possible loss of data
\\mac\Home\Documents\CS122\Checkers\PA9\King.h(20,49): warning C4244:         with
\\mac\Home\Documents\CS122\Checkers\PA9\King.h(20,49): warning C4244:         [
\\mac\Home\Documents\CS122\Checkers\PA9\King.h(20,49): warning C4244:             T=float
\\mac\Home\Documents\CS122\Checkers\PA9\King.h(20,49): warning C4244:         ]
  (compiling source file 'main.cpp')
  
\\mac\Home\Documents\CS122\Checkers\PA9\King.h(21,66): warning C4244: 'argument': conversion from 'int' to 'T', possible loss of data
\\mac\Home\Documents\CS122\Checkers\PA9\King.h(21,66): warning C4244:         with
\\mac\Home\Documents\CS122\Checkers\PA9\King.h(21,66): warning C4244:         [
\\mac\Home\Documents\CS122\Checkers\PA9\King.h(21,66): warning C4244:             T=float
\\mac\Home\Documents\CS122\Checkers\PA9\King.h(21,66): warning C4244:         ]
  (compiling source file 'main.cpp')
  
\\mac\Home\Documents\CS122\Checkers\PA9\King.h(21,49): warning C4244: 'argument': conversion from 'int' to 'T', possible loss of data
\\mac\Home\Documents\CS122\Checkers\PA9\King.h(21,49): warning C4244:         with
\\mac\Home\Documents\CS122\Checkers\PA9\King.h(21,49): warning C4244:         [
\\mac\Home\Documents\CS122\Checkers\PA9\King.h(21,49): warning C4244:             T=float
\\mac\Home\Documents\CS122\Checkers\PA9\King.h(21,49): warning C4244:         ]
  (compiling source file 'main.cpp')
  
\\mac\Home\Documents\CS122\Checkers\PA9\King.h(22,66): warning C4244: 'argument': conversion from 'int' to 'T', possible loss of data
\\mac\Home\Documents\CS122\Checkers\PA9\King.h(22,66): warning C4244:         with
\\mac\Home\Documents\CS122\Checkers\PA9\King.h(22,66): warning C4244:         [
\\mac\Home\Documents\CS122\Checkers\PA9\King.h(22,66): warning C4244:             T=float
\\mac\Home\Documents\CS122\Checkers\PA9\King.h(22,66): warning C4244:         ]
  (compiling source file 'main.cpp')
  
\\mac\Home\Documents\CS122\Checkers\PA9\King.h(22,49): warning C4244: 'argument': conversion from 'int' to 'T', possible loss of data
\\mac\Home\Documents\CS122\Checkers\PA9\King.h(22,49): warning C4244:         with
\\mac\Home\Documents\CS122\Checkers\PA9\King.h(22,49): warning C4244:         [
\\mac\Home\Documents\CS122\Checkers\PA9\King.h(22,49): warning C4244:             T=float
\\mac\Home\Documents\CS122\Checkers\PA9\King.h(22,49): warning C4244:         ]
  (compiling source file 'main.cpp')
  
\\mac\Home\Documents\CS122\Checkers\PA9\King.h(23,66): warning C4244: 'argument': conversion from 'int' to 'T', possible loss of data
\\mac\Home\Documents\CS122\Checkers\PA9\King.h(23,66): warning C4244:         with
\\mac\Home\Documents\CS122\Checkers\PA9\King.h(23,66): warning C4244:         [
\\mac\Home\Documents\CS122\Checkers\PA9\King.h(23,66): warning C4244:             T=float
\\mac\Home\Documents\CS122\Checkers\PA9\King.h(23,66): warning C4244:         ]
  (compiling source file 'main.cpp')
  
\\mac\Home\Documents\CS122\Checkers\PA9\King.h(23,49): warning C4244: 'argument': conversion from 'int' to 'T', possible loss of data
\\mac\Home\Documents\CS122\Checkers\PA9\King.h(23,49): warning C4244:         with
\\mac\Home\Documents\CS122\Checkers\PA9\King.h(23,49): warning C4244:         [
\\mac\Home\Documents\CS122\Checkers\PA9\King.h(23,49): warning C4244:             T=float
\\mac\Home\Documents\CS122\Checkers\PA9\King.h(23,49): warning C4244:         ]
  (compiling source file 'main.cpp')
  
\\mac\Home\Documents\CS122\Checkers\PA9\King.h(24,66): warning C4244: 'argument': conversion from 'int' to 'T', possible loss of data
\\mac\Home\Documents\CS122\Checkers\PA9\King.h(24,66): warning C4244:         with
\\mac\Home\Documents\CS122\Checkers\PA9\King.h(24,66): warning C4244:         [
\\mac\Home\Documents\CS122\Checkers\PA9\King.h(24,66): warning C4244:             T=float
\\mac\Home\Documents\CS122\Checkers\PA9\King.h(24,66): warning C4244:         ]
  (compiling source file 'main.cpp')
  
\\mac\Home\Documents\CS122\Checkers\PA9\King.h(24,49): warning C4244: 'argument': conversion from 'int' to 'T', possible loss of data
\\mac\Home\Documents\CS122\Checkers\PA9\King.h(24,49): warning C4244:         with
\\mac\Home\Documents\CS122\Checkers\PA9\King.h(24,49): warning C4244:         [
\\mac\Home\Documents\CS122\Checkers\PA9\King.h(24,49): warning C4244:             T=float
\\mac\Home\Documents\CS122\Checkers\PA9\King.h(24,49): warning C4244:         ]
  (compiling source file 'main.cpp')
  
\\mac\Home\Documents\CS122\Checkers\PA9\King.h(25,66): warning C4244: 'argument': conversion from 'int' to 'T', possible loss of data
\\mac\Home\Documents\CS122\Checkers\PA9\King.h(25,66): warning C4244:         with
\\mac\Home\Documents\CS122\Checkers\PA9\King.h(25,66): warning C4244:         [
\\mac\Home\Documents\CS122\Checkers\PA9\King.h(25,66): warning C4244:             T=float
\\mac\Home\Documents\CS122\Checkers\PA9\King.h(25,66): warning C4244:         ]
  (compiling source file 'main.cpp')
  
\\mac\Home\Documents\CS122\Checkers\PA9\King.h(25,49): warning C4244: 'argument': conversion from 'int' to 'T', possible loss of data
\\mac\Home\Documents\CS122\Checkers\PA9\King.h(25,49): warning C4244:         with
\\mac\Home\Documents\CS122\Checkers\PA9\King.h(25,49): warning C4244:         [
\\mac\Home\Documents\CS122\Checkers\PA9\King.h(25,49): warning C4244:             T=float
\\mac\Home\Documents\CS122\Checkers\PA9\King.h(25,49): warning C4244:         ]
  (compiling source file 'main.cpp')
  
\\mac\Home\Documents\CS122\Checkers\PA9\main.cpp(9,6): warning C4326: return type of 'main' should be 'int' instead of 'void'
\\mac\Home\Documents\CS122\Checkers\PA9\main.cpp(126,22): warning C4244: 'initializing': conversion from 'T' to 'float', possible loss of data
\\mac\Home\Documents\CS122\Checkers\PA9\main.cpp(126,22): warning C4244:         with
\\mac\Home\Documents\CS122\Checkers\PA9\main.cpp(126,22): warning C4244:         [
\\mac\Home\Documents\CS122\Checkers\PA9\main.cpp(126,22): warning C4244:             T=unsigned int
\\mac\Home\Documents\CS122\Checkers\PA9\main.cpp(126,22): warning C4244:         ]
\\mac\Home\Documents\CS122\Checkers\PA9\main.cpp(127,22): warning C4244: 'initializing': conversion from 'T' to 'float', possible loss of data
\\mac\Home\Documents\CS122\Checkers\PA9\main.cpp(127,22): warning C4244:         with
\\mac\Home\Documents\CS122\Checkers\PA9\main.cpp(127,22): warning C4244:         [
\\mac\Home\Documents\CS122\Checkers\PA9\main.cpp(127,22): warning C4244:             T=unsigned int
\\mac\Home\Documents\CS122\Checkers\PA9\main.cpp(127,22): warning C4244:         ]
\\mac\Home\Documents\CS122\Checkers\PA9\main.cpp(129,19): warning C4244: '=': conversion from 'float' to 'int', possible loss of data
\\mac\Home\Documents\CS122\Checkers\PA9\main.cpp(130,19): warning C4244: '=': conversion from 'float' to 'int', possible loss of data
\\mac\Home\Documents\CS122\Checkers\PA9\main.cpp(188,59): warning C4244: 'argument': conversion from 'float' to 'int', possible loss of data
\\mac\Home\Documents\CS122\Checkers\PA9\main.cpp(188,45): warning C4244: 'argument': conversion from 'float' to 'int', possible loss of data
\\mac\Home\Documents\CS122\Checkers\PA9\main.cpp(221,60): warning C4244: 'argument': conversion from 'float' to 'int', possible loss of data
\\mac\Home\Documents\CS122\Checkers\PA9\main.cpp(221,46): warning C4244: 'argument': conversion from 'float' to 'int', possible loss of data
\\mac\Home\Documents\CS122\Checkers\PA9\main.cpp(283,60): warning C4244: 'argument': conversion from 'float' to 'int', possible loss of data
\\mac\Home\Documents\CS122\Checkers\PA9\main.cpp(283,46): warning C4244: 'argument': conversion from 'float' to 'int', possible loss of data
\\mac\Home\Documents\CS122\Checkers\PA9\main.cpp(291,27): warning C4244: 'argument': conversion from 'float' to 'int', possible loss of data
\\mac\Home\Documents\CS122\Checkers\PA9\main.cpp(291,13): warning C4244: 'argument': conversion from 'float' to 'int', possible loss of data
\\mac\Home\Documents\CS122\Checkers\PA9\main.cpp(331,61): warning C4244: 'argument': conversion from 'float' to 'int', possible loss of data
\\mac\Home\Documents\CS122\Checkers\PA9\main.cpp(331,47): warning C4244: 'argument': conversion from 'float' to 'int', possible loss of data
\\mac\Home\Documents\CS122\Checkers\PA9\main.cpp(342,28): warning C4244: 'argument': conversion from 'float' to 'int', possible loss of data
\\mac\Home\Documents\CS122\Checkers\PA9\main.cpp(342,14): warning C4244: 'argument': conversion from 'float' to 'int', possible loss of data
\\mac\Home\Documents\CS122\Checkers\PA9\main.cpp(405,59): warning C4244: 'argument': conversion from 'float' to 'int', possible loss of data
\\mac\Home\Documents\CS122\Checkers\PA9\main.cpp(405,45): warning C4244: 'argument': conversion from 'float' to 'int', possible loss of data
\\mac\Home\Documents\CS122\Checkers\PA9\main.cpp(438,60): warning C4244: 'argument': conversion from 'float' to 'int', possible loss of data
\\mac\Home\Documents\CS122\Checkers\PA9\main.cpp(438,46): warning C4244: 'argument': conversion from 'float' to 'int', possible loss of data
\\mac\Home\Documents\CS122\Checkers\PA9\main.cpp(498,60): warning C4244: 'argument': conversion from 'float' to 'int', possible loss of data
\\mac\Home\Documents\CS122\Checkers\PA9\main.cpp(498,46): warning C4244: 'argument': conversion from 'float' to 'int', possible loss of data
\\mac\Home\Documents\CS122\Checkers\PA9\main.cpp(506,27): warning C4244: 'argument': conversion from 'float' to 'int', possible loss of data
\\mac\Home\Documents\CS122\Checkers\PA9\main.cpp(506,13): warning C4244: 'argument': conversion from 'float' to 'int', possible loss of data
\\mac\Home\Documents\CS122\Checkers\PA9\main.cpp(546,61): warning C4244: 'argument': conversion from 'float' to 'int', possible loss of data
\\mac\Home\Documents\CS122\Checkers\PA9\main.cpp(546,47): warning C4244: 'argument': conversion from 'float' to 'int', possible loss of data
\\mac\Home\Documents\CS122\Checkers\PA9\main.cpp(557,28): warning C4244: 'argument': conversion from 'float' to 'int', possible loss of data
\\mac\Home\Documents\CS122\Checkers\PA9\main.cpp(557,14): warning C4244: 'argument': conversion from 'float' to 'int', possible loss of data
\\mac\Home\Documents\CS122\Checkers\PA9\main.cpp(766,31): warning C4244: 'argument': conversion from 'int' to 'float', possible loss of data
\\mac\Home\Documents\CS122\Checkers\PA9\main.cpp(766,23): warning C4244: 'argument': conversion from 'int' to 'float', possible loss of data
\\mac\Home\Documents\CS122\Checkers\PA9\main.cpp(775,31): warning C4244: 'argument': conversion from 'int' to 'float', possible loss of data
\\mac\Home\Documents\CS122\Checkers\PA9\main.cpp(775,23): warning C4244: 'argument': conversion from 'int' to 'float', possible loss of data
\\mac\Home\Documents\CS122\Checkers\PA9\main.cpp(784,31): warning C4244: 'argument': conversion from 'int' to 'float', possible loss of data
\\mac\Home\Documents\CS122\Checkers\PA9\main.cpp(784,23): warning C4244: 'argument': conversion from 'int' to 'float', possible loss of data
\\mac\Home\Documents\CS122\Checkers\PA9\main.cpp(793,31): warning C4244: 'argument': conversion from 'int' to 'float', possible loss of data
\\mac\Home\Documents\CS122\Checkers\PA9\main.cpp(793,23): warning C4244: 'argument': conversion from 'int' to 'float', possible loss of data
  PA9.vcxproj -> \\Mac\Home\Documents\CS122\Checkers\x64\Debug\PA9.exe
